<?xml version="1.0" encoding="UTF-8"?>
<testsuite xmlns:xsi="http://www.w3.org/2001/XMLSchema-instance" xsi:noNamespaceSchemaLocation="https://maven.apache.org/surefire/maven-surefire-plugin/xsd/surefire-test-report-3.0.xsd" version="3.0" name="tn.isetsf.presence.PresenceApplicationTests" time="7.095" tests="1" errors="0" skipped="0" failures="0">
  <properties>
[...]
</properties>
  <testcase name="contextLoads" classname="tn.isetsf.presence.PresenceApplicationTests" time="1.108">
    <system-out><![CDATA[Standard Commons Logging discovery in action with spring-jcl: please remove commons-logging.jar from classpath in order to avoid potential conflicts
20:43:47.680 [main] INFO org.springframework.test.context.support.AnnotationConfigContextLoaderUtils -- Could not detect default configuration classes for test class [tn.isetsf.presence.PresenceApplicationTests]: PresenceApplicationTests does not declare any static, non-private, non-final, nested classes annotated with @Configuration.
20:43:47.768 [main] INFO org.springframework.boot.test.context.SpringBootTestContextBootstrapper -- Found @SpringBootConfiguration tn.isetsf.presence.PresenceApplication for test class tn.isetsf.presence.PresenceApplicationTests
20:43:47.882 [main] INFO org.springframework.boot.devtools.restart.RestartApplicationListener -- Restart disabled due to context in which it is running

  .   ____          _            __ _ _
 /\\ / ___'_ __ _ _(_)_ __  __ _ \ \ \ \
( ( )\___ | '_ | '_| | '_ \/ _` | \ \ \ \
 \\/  ___)| |_)| | | | | || (_| |  ) ) ) )
  '  |____| .__|_| |_|_| |_\__, | / / / /
 =========|_|==============|___/=/_/_/_/
 :: Spring Boot ::                (v3.2.5)

2024-06-23T20:43:48.056+01:00  INFO 22396 --- [presence] [           main] t.i.presence.PresenceApplicationTests    : Starting PresenceApplicationTests using Java 20.0.2 with PID 22396 (started by bilel in D:\Back\presence)
2024-06-23T20:43:48.057+01:00  INFO 22396 --- [presence] [           main] t.i.presence.PresenceApplicationTests    : No active profile set, falling back to 1 default profile: "default"
2024-06-23T20:43:48.528+01:00  INFO 22396 --- [presence] [           main] .s.d.r.c.RepositoryConfigurationDelegate : Bootstrapping Spring Data JPA repositories in DEFAULT mode.
2024-06-23T20:43:48.576+01:00  INFO 22396 --- [presence] [           main] .s.d.r.c.RepositoryConfigurationDelegate : Finished Spring Data repository scanning in 42 ms. Found 6 JPA repository interfaces.
2024-06-23T20:43:48.960+01:00  INFO 22396 --- [presence] [           main] o.hibernate.jpa.internal.util.LogHelper  : HHH000204: Processing PersistenceUnitInfo [name: default]
2024-06-23T20:43:49.002+01:00  INFO 22396 --- [presence] [           main] org.hibernate.Version                    : HHH000412: Hibernate ORM core version 6.4.4.Final
2024-06-23T20:43:49.026+01:00  INFO 22396 --- [presence] [           main] o.h.c.internal.RegionFactoryInitiator    : HHH000026: Second-level cache disabled
2024-06-23T20:43:49.233+01:00  INFO 22396 --- [presence] [           main] o.s.o.j.p.SpringPersistenceUnitInfo      : No LoadTimeWeaver setup: ignoring JPA class transformer
2024-06-23T20:43:49.252+01:00  INFO 22396 --- [presence] [           main] com.zaxxer.hikari.HikariDataSource       : HikariPool-1 - Starting...
2024-06-23T20:43:49.955+01:00  INFO 22396 --- [presence] [           main] com.zaxxer.hikari.pool.HikariPool        : HikariPool-1 - Added connection org.postgresql.jdbc.PgConnection@184751f3
2024-06-23T20:43:49.956+01:00  INFO 22396 --- [presence] [           main] com.zaxxer.hikari.HikariDataSource       : HikariPool-1 - Start completed.
2024-06-23T20:43:50.065+01:00  WARN 22396 --- [presence] [           main] org.hibernate.orm.deprecation            : HHH90000025: PostgreSQLDialect does not need to be specified explicitly using 'hibernate.dialect' (remove the property setting and it will be selected by default)
2024-06-23T20:43:50.838+01:00  INFO 22396 --- [presence] [           main] o.h.e.t.j.p.i.JtaPlatformInitiator       : HHH000489: No JTA platform available (set 'hibernate.transaction.jta.platform' to enable JTA platform integration)
2024-06-23T20:43:51.702+01:00  INFO 22396 --- [presence] [           main] j.LocalContainerEntityManagerFactoryBean : Initialized JPA EntityManagerFactory for persistence unit 'default'
2024-06-23T20:43:51.918+01:00  INFO 22396 --- [presence] [           main] o.s.d.j.r.query.QueryEnhancerFactory     : Hibernate is in classpath; If applicable, HQL parser will be used.
2024-06-23T20:43:52.568+01:00  WARN 22396 --- [presence] [           main] JpaBaseConfiguration$JpaWebConfiguration : spring.jpa.open-in-view is enabled by default. Therefore, database queries may be performed during view rendering. Explicitly configure spring.jpa.open-in-view to disable this warning
2024-06-23T20:43:53.490+01:00  INFO 22396 --- [presence] [           main] t.i.presence.PresenceApplicationTests    : Started PresenceApplicationTests in 5.619 seconds (process running for 6.422)
[Users(idUser=1, login=bilel, password=123456, isAdmin=true), Users(idUser=1854, login=hedi, password=2541, isAdmin=true), Users(idUser=1858, login=med, password=5555, isAdmin=true), Users(idUser=1859, login=hedi, password=254, isAdmin=true), Users(idUser=1860, login=med, password=555, isAdmin=true), Users(idUser=1861, login=med, password=555, isAdmin=false), Users(idUser=1862, login=med, password=555, isAdmin=false), Users(idUser=1905, login=guest, password=111111, isAdmin=false), Users(idUser=1906, login=3042 ElAin, password=123456, isAdmin=false), Users(idUser=1907, login=guest, password=5557, isAdmin=true), Users(idUser=1857, login=neder, password=null, isAdmin=true), Users(idUser=1909, login=admin, password=ggg, isAdmin=false), Users(idUser=1910, login=guest, password=123456, isAdmin=true), Users(idUser=1911, login=guest, password=111111, isAdmin=false), Users(idUser=2802, login=guest, password=111111, isAdmin=false), Users(idUser=2852, login=bilel1, password=222222, isAdmin=true), Users(idUser=2853, login=bilel1, password=222222, isAdmin=true), Users(idUser=2902, login=bilel1, password=222222, isAdmin=true)]
existe 
n'existe pas 
Inséré avec success
Utilisateur trouvé 3152
Supprimer avec success
]]></system-out>
  </testcase>
</testsuite>